{"@timestamp":"2022-10-11T10:06:43.171+08:00","@version":"1","message":"---AsyncWeChatPublicTempMessage task------produce Data with fixed rate task: Execution Time - 20221011","logger_name":"com.zbkj.admin.task.wechat.AsyncWeChatPublicTempMessage","thread_name":"crmeb-scheduled-task-pool-24","level":"INFO","level_value":20000}
{"@timestamp":"2022-10-11T10:06:43.171+08:00","@version":"1","message":"---OrderPaySuccessTask task------produce Data with fixed rate task: Execution Time - Tue Oct 11 10:06:43 CST 2022","logger_name":"com.zbkj.admin.task.order.OrderPaySuccessTask","thread_name":"crmeb-scheduled-task-pool-18","level":"INFO","level_value":20000}
{"@timestamp":"2022-10-11T10:06:43.171+08:00","@version":"1","message":"---AsyncWeChatProgramTempMessage task------produce Data with fixed rate task: Execution Time - 20221011","logger_name":"com.zbkj.admin.task.wechat.AsyncWeChatProgramTempMessage","thread_name":"crmeb-scheduled-task-pool-19","level":"INFO","level_value":20000}
{"@timestamp":"2022-10-11T10:06:43.173+08:00","@version":"1","message":"---OrderTakeByUser task------produce Data with fixed rate task: Execution Time - Tue Oct 11 10:06:43 CST 2022","logger_name":"com.zbkj.admin.task.product.ProductStockTask","thread_name":"crmeb-scheduled-task-pool-28","level":"INFO","level_value":20000}
{"@timestamp":"2022-10-11T10:06:43.172+08:00","@version":"1","message":"---OrderRefundTask task------produce Data with fixed rate task: Execution Time - Tue Oct 11 10:06:43 CST 2022","logger_name":"com.zbkj.admin.task.order.OrderRefundTask","thread_name":"crmeb-scheduled-task-pool-3","level":"INFO","level_value":20000}
{"@timestamp":"2022-10-11T10:06:43.195+08:00","@version":"1","message":"TemplateMessageServiceImpl.consumePublic | size:0","logger_name":"com.zbkj.service.service.impl.TemplateMessageServiceImpl","thread_name":"crmeb-scheduled-task-pool-24","level":"INFO","level_value":20000}
{"@timestamp":"2022-10-11T10:06:43.174+08:00","@version":"1","message":"---PinkStatusChange------bargain stop status change task: Execution Time - Tue Oct 11 10:06:43 CST 2022","logger_name":"com.zbkj.admin.task.pink.PinkStatusChangeTask","thread_name":"crmeb-scheduled-task-pool-26","level":"INFO","level_value":20000}
{"@timestamp":"2022-10-11T10:06:43.172+08:00","@version":"1","message":"---OrderAutoCancelTask task------produce Data with fixed rate task: Execution Time - Tue Oct 11 10:06:43 CST 2022","logger_name":"com.zbkj.admin.task.order.OrderAutoCancelTask","thread_name":"crmeb-scheduled-task-pool-25","level":"INFO","level_value":20000}
{"@timestamp":"2022-10-11T10:06:43.172+08:00","@version":"1","message":"---OrderCompleteTask task------produce Data with fixed rate task: Execution Time - Tue Oct 11 10:06:43 CST 2022","logger_name":"com.zbkj.admin.task.order.OrderCompleteTask","thread_name":"crmeb-scheduled-task-pool-22","level":"INFO","level_value":20000}
{"@timestamp":"2022-10-11T10:06:43.197+08:00","@version":"1","message":"OrderTaskServiceImpl.orderPaySuccessAfter | size:0","logger_name":"com.zbkj.service.service.impl.OrderTaskServiceImpl","thread_name":"crmeb-scheduled-task-pool-18","level":"INFO","level_value":20000}
{"@timestamp":"2022-10-11T10:06:43.197+08:00","@version":"1","message":"TemplateMessageServiceImpl.consumeProgram | size:0","logger_name":"com.zbkj.service.service.impl.TemplateMessageServiceImpl","thread_name":"crmeb-scheduled-task-pool-19","level":"INFO","level_value":20000}
{"@timestamp":"2022-10-11T10:06:43.197+08:00","@version":"1","message":"OrderTaskServiceImpl.refundApply | size:0","logger_name":"com.zbkj.service.service.impl.OrderTaskServiceImpl","thread_name":"crmeb-scheduled-task-pool-3","level":"INFO","level_value":20000}
{"@timestamp":"2022-10-11T10:06:43.197+08:00","@version":"1","message":"StoreProductServiceImpl.doProductStock | size:0","logger_name":"com.zbkj.service.service.impl.StoreProductServiceImpl","thread_name":"crmeb-scheduled-task-pool-28","level":"INFO","level_value":20000}
{"@timestamp":"2022-10-11T10:06:43.197+08:00","@version":"1","message":"OrderTaskServiceImpl.autoCancel | size:0","logger_name":"com.zbkj.service.service.impl.OrderTaskServiceImpl","thread_name":"crmeb-scheduled-task-pool-25","level":"INFO","level_value":20000}
{"@timestamp":"2022-10-11T10:06:43.173+08:00","@version":"1","message":"---OrderCancelTask task------produce Data with fixed rate task: Execution Time - Tue Oct 11 10:06:43 CST 2022","logger_name":"com.zbkj.admin.task.order.OrderCancelTask","thread_name":"crmeb-scheduled-task-pool-2","level":"INFO","level_value":20000}
{"@timestamp":"2022-10-11T10:06:43.197+08:00","@version":"1","message":"StoreProductServiceImpl.doProductStock | size:0","logger_name":"com.zbkj.service.service.impl.StoreSeckillServiceImpl","thread_name":"crmeb-scheduled-task-pool-28","level":"INFO","level_value":20000}
{"@timestamp":"2022-10-11T10:06:43.197+08:00","@version":"1","message":"OrderTaskServiceImpl.complete | size:0","logger_name":"com.zbkj.service.service.impl.OrderTaskServiceImpl","thread_name":"crmeb-scheduled-task-pool-22","level":"INFO","level_value":20000}
{"@timestamp":"2022-10-11T10:06:43.173+08:00","@version":"1","message":"---CouponOverdueTask task------produce Data with fixed rate task: Execution Time - Tue Oct 11 10:06:43 CST 2022","logger_name":"com.zbkj.admin.task.coupon.CouponOverdueTask","thread_name":"crmeb-scheduled-task-pool-29","level":"INFO","level_value":20000}
{"@timestamp":"2022-10-11T10:06:43.197+08:00","@version":"1","message":"StoreBargainServiceImpl.consumeProductStock | size:0","logger_name":"com.zbkj.service.service.impl.StoreBargainServiceImpl","thread_name":"crmeb-scheduled-task-pool-28","level":"INFO","level_value":20000}
{"@timestamp":"2022-10-11T10:06:43.197+08:00","@version":"1","message":"OrderTaskServiceImpl.cancelByUser | size:0","logger_name":"com.zbkj.service.service.impl.OrderTaskServiceImpl","thread_name":"crmeb-scheduled-task-pool-2","level":"INFO","level_value":20000}
{"@timestamp":"2022-10-11T10:06:43.174+08:00","@version":"1","message":"---IntegralFrozenTask task------produce Data with fixed rate task: Execution Time - Tue Oct 11 10:06:43 CST 2022","logger_name":"com.zbkj.admin.task.integral.IntegralFrozenTask","thread_name":"crmeb-scheduled-task-pool-27","level":"INFO","level_value":20000}
{"@timestamp":"2022-10-11T10:06:43.197+08:00","@version":"1","message":"StoreProductServiceImpl.doProductStock | size:0","logger_name":"com.zbkj.service.service.impl.StoreCombinationServiceImpl","thread_name":"crmeb-scheduled-task-pool-28","level":"INFO","level_value":20000}
{"@timestamp":"2022-10-11T10:06:43.173+08:00","@version":"1","message":"---OrderReceiptTask task------produce Data with fixed rate task: Execution Time - Tue Oct 11 10:06:43 CST 2022","logger_name":"com.zbkj.admin.task.order.OrderReceiptTask","thread_name":"crmeb-scheduled-task-pool-4","level":"INFO","level_value":20000}
{"@timestamp":"2022-10-11T10:06:43.174+08:00","@version":"1","message":"---BrokerageFrozenTask task------produce Data with fixed rate task: Execution Time - Tue Oct 11 10:06:43 CST 2022","logger_name":"com.zbkj.admin.task.order.OrderReceiptTask","thread_name":"crmeb-scheduled-task-pool-23","level":"INFO","level_value":20000}
{"@timestamp":"2022-10-11T10:06:43.174+08:00","@version":"1","message":"---BargainStopChangeTask------bargain stop status change task: Execution Time - Tue Oct 11 10:06:43 CST 2022","logger_name":"com.zbkj.admin.task.bargain.BargainStopChangeTask","thread_name":"crmeb-scheduled-task-pool-14","level":"INFO","level_value":20000}
{"@timestamp":"2022-10-11T10:06:43.174+08:00","@version":"1","message":"---OrderAutoCompleteTask task------produce Data with fixed rate task: Execution Time - Tue Oct 11 10:06:43 CST 2022","logger_name":"com.zbkj.admin.task.order.OrderCompleteTask","thread_name":"crmeb-scheduled-task-pool-7","level":"INFO","level_value":20000}
{"@timestamp":"2022-10-11T10:06:43.174+08:00","@version":"1","message":"---AutoDeleteLogTask------bargain stop status change task: Execution Time - Tue Oct 11 10:06:43 CST 2022","logger_name":"com.zbkj.admin.task.log.AutoDeleteLogTask","thread_name":"crmeb-scheduled-task-pool-5","level":"INFO","level_value":20000}
{"@timestamp":"2022-10-11T10:06:43.198+08:00","@version":"1","message":"OrderTaskServiceImpl.orderReceiving | size:0","logger_name":"com.zbkj.service.service.impl.OrderTaskServiceImpl","thread_name":"crmeb-scheduled-task-pool-4","level":"INFO","level_value":20000}
{"@timestamp":"2022-10-11T10:06:43.259+08:00","@version":"1","message":"StoreBargainServiceImpl.stopAfterChange | size:2","logger_name":"com.zbkj.service.service.impl.StoreBargainServiceImpl","thread_name":"crmeb-scheduled-task-pool-14","level":"INFO","level_value":20000}
{"@timestamp":"2022-10-11T10:06:43.312+08:00","@version":"1","message":"砍价活动结束后更新用户状态定时任务——————失败","logger_name":"com.zbkj.service.service.impl.StoreBargainServiceImpl","thread_name":"crmeb-scheduled-task-pool-14","level":"ERROR","level_value":40000}
{"@timestamp":"2022-10-11T10:06:43.332+08:00","@version":"1","message":"BargainStopChangeTask | msg : 砍价活动结束后更新用户状态失败","logger_name":"com.zbkj.admin.task.bargain.BargainStopChangeTask","thread_name":"crmeb-scheduled-task-pool-14","level":"ERROR","level_value":40000}
{"@timestamp":"2022-10-11T10:07:00.014+08:00","@version":"1","message":"---PinkStatusChange------bargain stop status change task: Execution Time - Tue Oct 11 10:07:00 CST 2022","logger_name":"com.zbkj.admin.task.pink.PinkStatusChangeTask","thread_name":"crmeb-scheduled-task-pool-26","level":"INFO","level_value":20000}
{"@timestamp":"2022-10-11T10:07:43.198+08:00","@version":"1","message":"---AsyncWeChatPublicTempMessage task------produce Data with fixed rate task: Execution Time - 20221011","logger_name":"com.zbkj.admin.task.wechat.AsyncWeChatPublicTempMessage","thread_name":"crmeb-scheduled-task-pool-24","level":"INFO","level_value":20000}
{"@timestamp":"2022-10-11T10:07:43.198+08:00","@version":"1","message":"---AsyncWeChatProgramTempMessage task------produce Data with fixed rate task: Execution Time - 20221011","logger_name":"com.zbkj.admin.task.wechat.AsyncWeChatProgramTempMessage","thread_name":"crmeb-scheduled-task-pool-21","level":"INFO","level_value":20000}
{"@timestamp":"2022-10-11T10:07:43.198+08:00","@version":"1","message":"---OrderRefundTask task------produce Data with fixed rate task: Execution Time - Tue Oct 11 10:07:43 CST 2022","logger_name":"com.zbkj.admin.task.order.OrderRefundTask","thread_name":"crmeb-scheduled-task-pool-17","level":"INFO","level_value":20000}
{"@timestamp":"2022-10-11T10:07:43.198+08:00","@version":"1","message":"---OrderPaySuccessTask task------produce Data with fixed rate task: Execution Time - Tue Oct 11 10:07:43 CST 2022","logger_name":"com.zbkj.admin.task.order.OrderPaySuccessTask","thread_name":"crmeb-scheduled-task-pool-30","level":"INFO","level_value":20000}
{"@timestamp":"2022-10-11T10:07:43.198+08:00","@version":"1","message":"TemplateMessageServiceImpl.consumePublic | size:0","logger_name":"com.zbkj.service.service.impl.TemplateMessageServiceImpl","thread_name":"crmeb-scheduled-task-pool-24","level":"INFO","level_value":20000}
{"@timestamp":"2022-10-11T10:07:43.198+08:00","@version":"1","message":"OrderTaskServiceImpl.orderPaySuccessAfter | size:0","logger_name":"com.zbkj.service.service.impl.OrderTaskServiceImpl","thread_name":"crmeb-scheduled-task-pool-30","level":"INFO","level_value":20000}
{"@timestamp":"2022-10-11T10:07:43.198+08:00","@version":"1","message":"OrderTaskServiceImpl.refundApply | size:0","logger_name":"com.zbkj.service.service.impl.OrderTaskServiceImpl","thread_name":"crmeb-scheduled-task-pool-17","level":"INFO","level_value":20000}
{"@timestamp":"2022-10-11T10:07:43.199+08:00","@version":"1","message":"---OrderCompleteTask task------produce Data with fixed rate task: Execution Time - Tue Oct 11 10:07:43 CST 2022","logger_name":"com.zbkj.admin.task.order.OrderCompleteTask","thread_name":"crmeb-scheduled-task-pool-30","level":"INFO","level_value":20000}
{"@timestamp":"2022-10-11T10:07:43.198+08:00","@version":"1","message":"TemplateMessageServiceImpl.consumeProgram | size:0","logger_name":"com.zbkj.service.service.impl.TemplateMessageServiceImpl","thread_name":"crmeb-scheduled-task-pool-21","level":"INFO","level_value":20000}
{"@timestamp":"2022-10-11T10:07:43.199+08:00","@version":"1","message":"---OrderAutoCancelTask task------produce Data with fixed rate task: Execution Time - Tue Oct 11 10:07:43 CST 2022","logger_name":"com.zbkj.admin.task.order.OrderAutoCancelTask","thread_name":"crmeb-scheduled-task-pool-24","level":"INFO","level_value":20000}
{"@timestamp":"2022-10-11T10:07:43.199+08:00","@version":"1","message":"---OrderCancelTask task------produce Data with fixed rate task: Execution Time - Tue Oct 11 10:07:43 CST 2022","logger_name":"com.zbkj.admin.task.order.OrderCancelTask","thread_name":"crmeb-scheduled-task-pool-17","level":"INFO","level_value":20000}
{"@timestamp":"2022-10-11T10:07:43.199+08:00","@version":"1","message":"OrderTaskServiceImpl.autoCancel | size:0","logger_name":"com.zbkj.service.service.impl.OrderTaskServiceImpl","thread_name":"crmeb-scheduled-task-pool-24","level":"INFO","level_value":20000}
{"@timestamp":"2022-10-11T10:07:43.199+08:00","@version":"1","message":"OrderTaskServiceImpl.complete | size:0","logger_name":"com.zbkj.service.service.impl.OrderTaskServiceImpl","thread_name":"crmeb-scheduled-task-pool-30","level":"INFO","level_value":20000}
{"@timestamp":"2022-10-11T10:07:43.199+08:00","@version":"1","message":"---OrderTakeByUser task------produce Data with fixed rate task: Execution Time - Tue Oct 11 10:07:43 CST 2022","logger_name":"com.zbkj.admin.task.product.ProductStockTask","thread_name":"crmeb-scheduled-task-pool-21","level":"INFO","level_value":20000}
{"@timestamp":"2022-10-11T10:07:43.214+08:00","@version":"1","message":"OrderTaskServiceImpl.cancelByUser | size:0","logger_name":"com.zbkj.service.service.impl.OrderTaskServiceImpl","thread_name":"crmeb-scheduled-task-pool-17","level":"INFO","level_value":20000}
{"@timestamp":"2022-10-11T10:07:43.214+08:00","@version":"1","message":"StoreProductServiceImpl.doProductStock | size:0","logger_name":"com.zbkj.service.service.impl.StoreProductServiceImpl","thread_name":"crmeb-scheduled-task-pool-21","level":"INFO","level_value":20000}
{"@timestamp":"2022-10-11T10:07:43.215+08:00","@version":"1","message":"StoreProductServiceImpl.doProductStock | size:0","logger_name":"com.zbkj.service.service.impl.StoreSeckillServiceImpl","thread_name":"crmeb-scheduled-task-pool-21","level":"INFO","level_value":20000}
{"@timestamp":"2022-10-11T10:07:43.215+08:00","@version":"1","message":"StoreBargainServiceImpl.consumeProductStock | size:0","logger_name":"com.zbkj.service.service.impl.StoreBargainServiceImpl","thread_name":"crmeb-scheduled-task-pool-21","level":"INFO","level_value":20000}
{"@timestamp":"2022-10-11T10:07:43.216+08:00","@version":"1","message":"StoreProductServiceImpl.doProductStock | size:0","logger_name":"com.zbkj.service.service.impl.StoreCombinationServiceImpl","thread_name":"crmeb-scheduled-task-pool-21","level":"INFO","level_value":20000}
{"@timestamp":"2022-10-11T10:07:43.245+08:00","@version":"1","message":"---OrderReceiptTask task------produce Data with fixed rate task: Execution Time - Tue Oct 11 10:07:43 CST 2022","logger_name":"com.zbkj.admin.task.order.OrderReceiptTask","thread_name":"crmeb-scheduled-task-pool-16","level":"INFO","level_value":20000}
{"@timestamp":"2022-10-11T10:07:43.246+08:00","@version":"1","message":"OrderTaskServiceImpl.orderReceiving | size:0","logger_name":"com.zbkj.service.service.impl.OrderTaskServiceImpl","thread_name":"crmeb-scheduled-task-pool-16","level":"INFO","level_value":20000}
{"@timestamp":"2022-10-11T10:07:43.261+08:00","@version":"1","message":"---BrokerageFrozenTask task------produce Data with fixed rate task: Execution Time - Tue Oct 11 10:07:43 CST 2022","logger_name":"com.zbkj.admin.task.order.OrderReceiptTask","thread_name":"crmeb-scheduled-task-pool-15","level":"INFO","level_value":20000}
{"@timestamp":"2022-10-11T10:07:43.261+08:00","@version":"1","message":"---CouponOverdueTask task------produce Data with fixed rate task: Execution Time - Tue Oct 11 10:07:43 CST 2022","logger_name":"com.zbkj.admin.task.coupon.CouponOverdueTask","thread_name":"crmeb-scheduled-task-pool-8","level":"INFO","level_value":20000}
{"@timestamp":"2022-10-11T10:07:43.261+08:00","@version":"1","message":"---IntegralFrozenTask task------produce Data with fixed rate task: Execution Time - Tue Oct 11 10:07:43 CST 2022","logger_name":"com.zbkj.admin.task.integral.IntegralFrozenTask","thread_name":"crmeb-scheduled-task-pool-6","level":"INFO","level_value":20000}
{"@timestamp":"2022-10-11T10:08:00.007+08:00","@version":"1","message":"---PinkStatusChange------bargain stop status change task: Execution Time - Tue Oct 11 10:08:00 CST 2022","logger_name":"com.zbkj.admin.task.pink.PinkStatusChangeTask","thread_name":"crmeb-scheduled-task-pool-12","level":"INFO","level_value":20000}
{"@timestamp":"2022-10-11T10:08:43.200+08:00","@version":"1","message":"---AsyncWeChatProgramTempMessage task------produce Data with fixed rate task: Execution Time - 20221011","logger_name":"com.zbkj.admin.task.wechat.AsyncWeChatProgramTempMessage","thread_name":"crmeb-scheduled-task-pool-20","level":"INFO","level_value":20000}
{"@timestamp":"2022-10-11T10:08:43.200+08:00","@version":"1","message":"---OrderPaySuccessTask task------produce Data with fixed rate task: Execution Time - Tue Oct 11 10:08:43 CST 2022","logger_name":"com.zbkj.admin.task.order.OrderPaySuccessTask","thread_name":"crmeb-scheduled-task-pool-13","level":"INFO","level_value":20000}
{"@timestamp":"2022-10-11T10:08:43.200+08:00","@version":"1","message":"---OrderRefundTask task------produce Data with fixed rate task: Execution Time - Tue Oct 11 10:08:43 CST 2022","logger_name":"com.zbkj.admin.task.order.OrderRefundTask","thread_name":"crmeb-scheduled-task-pool-9","level":"INFO","level_value":20000}
{"@timestamp":"2022-10-11T10:08:43.200+08:00","@version":"1","message":"---AsyncWeChatPublicTempMessage task------produce Data with fixed rate task: Execution Time - 20221011","logger_name":"com.zbkj.admin.task.wechat.AsyncWeChatPublicTempMessage","thread_name":"crmeb-scheduled-task-pool-1","level":"INFO","level_value":20000}
{"@timestamp":"2022-10-11T10:08:43.200+08:00","@version":"1","message":"OrderTaskServiceImpl.orderPaySuccessAfter | size:0","logger_name":"com.zbkj.service.service.impl.OrderTaskServiceImpl","thread_name":"crmeb-scheduled-task-pool-13","level":"INFO","level_value":20000}
{"@timestamp":"2022-10-11T10:08:43.200+08:00","@version":"1","message":"OrderTaskServiceImpl.refundApply | size:0","logger_name":"com.zbkj.service.service.impl.OrderTaskServiceImpl","thread_name":"crmeb-scheduled-task-pool-9","level":"INFO","level_value":20000}
{"@timestamp":"2022-10-11T10:08:43.200+08:00","@version":"1","message":"TemplateMessageServiceImpl.consumePublic | size:0","logger_name":"com.zbkj.service.service.impl.TemplateMessageServiceImpl","thread_name":"crmeb-scheduled-task-pool-1","level":"INFO","level_value":20000}
{"@timestamp":"2022-10-11T10:08:43.200+08:00","@version":"1","message":"TemplateMessageServiceImpl.consumeProgram | size:0","logger_name":"com.zbkj.service.service.impl.TemplateMessageServiceImpl","thread_name":"crmeb-scheduled-task-pool-20","level":"INFO","level_value":20000}
{"@timestamp":"2022-10-11T10:08:43.216+08:00","@version":"1","message":"---OrderAutoCancelTask task------produce Data with fixed rate task: Execution Time - Tue Oct 11 10:08:43 CST 2022","logger_name":"com.zbkj.admin.task.order.OrderAutoCancelTask","thread_name":"crmeb-scheduled-task-pool-11","level":"INFO","level_value":20000}
{"@timestamp":"2022-10-11T10:08:43.216+08:00","@version":"1","message":"---OrderTakeByUser task------produce Data with fixed rate task: Execution Time - Tue Oct 11 10:08:43 CST 2022","logger_name":"com.zbkj.admin.task.product.ProductStockTask","thread_name":"crmeb-scheduled-task-pool-3","level":"INFO","level_value":20000}
{"@timestamp":"2022-10-11T10:08:43.216+08:00","@version":"1","message":"---OrderCancelTask task------produce Data with fixed rate task: Execution Time - Tue Oct 11 10:08:43 CST 2022","logger_name":"com.zbkj.admin.task.order.OrderCancelTask","thread_name":"crmeb-scheduled-task-pool-19","level":"INFO","level_value":20000}
{"@timestamp":"2022-10-11T10:08:43.216+08:00","@version":"1","message":"---OrderCompleteTask task------produce Data with fixed rate task: Execution Time - Tue Oct 11 10:08:43 CST 2022","logger_name":"com.zbkj.admin.task.order.OrderCompleteTask","thread_name":"crmeb-scheduled-task-pool-18","level":"INFO","level_value":20000}
{"@timestamp":"2022-10-11T10:08:43.216+08:00","@version":"1","message":"OrderTaskServiceImpl.autoCancel | size:0","logger_name":"com.zbkj.service.service.impl.OrderTaskServiceImpl","thread_name":"crmeb-scheduled-task-pool-11","level":"INFO","level_value":20000}
{"@timestamp":"2022-10-11T10:08:43.216+08:00","@version":"1","message":"OrderTaskServiceImpl.cancelByUser | size:0","logger_name":"com.zbkj.service.service.impl.OrderTaskServiceImpl","thread_name":"crmeb-scheduled-task-pool-19","level":"INFO","level_value":20000}
{"@timestamp":"2022-10-11T10:08:43.216+08:00","@version":"1","message":"StoreProductServiceImpl.doProductStock | size:0","logger_name":"com.zbkj.service.service.impl.StoreProductServiceImpl","thread_name":"crmeb-scheduled-task-pool-3","level":"INFO","level_value":20000}
{"@timestamp":"2022-10-11T10:08:43.216+08:00","@version":"1","message":"OrderTaskServiceImpl.complete | size:0","logger_name":"com.zbkj.service.service.impl.OrderTaskServiceImpl","thread_name":"crmeb-scheduled-task-pool-18","level":"INFO","level_value":20000}
{"@timestamp":"2022-10-11T10:08:43.216+08:00","@version":"1","message":"StoreProductServiceImpl.doProductStock | size:0","logger_name":"com.zbkj.service.service.impl.StoreSeckillServiceImpl","thread_name":"crmeb-scheduled-task-pool-3","level":"INFO","level_value":20000}
{"@timestamp":"2022-10-11T10:08:43.217+08:00","@version":"1","message":"StoreBargainServiceImpl.consumeProductStock | size:0","logger_name":"com.zbkj.service.service.impl.StoreBargainServiceImpl","thread_name":"crmeb-scheduled-task-pool-3","level":"INFO","level_value":20000}
{"@timestamp":"2022-10-11T10:08:43.217+08:00","@version":"1","message":"StoreProductServiceImpl.doProductStock | size:0","logger_name":"com.zbkj.service.service.impl.StoreCombinationServiceImpl","thread_name":"crmeb-scheduled-task-pool-3","level":"INFO","level_value":20000}
{"@timestamp":"2022-10-11T10:08:43.248+08:00","@version":"1","message":"---OrderReceiptTask task------produce Data with fixed rate task: Execution Time - Tue Oct 11 10:08:43 CST 2022","logger_name":"com.zbkj.admin.task.order.OrderReceiptTask","thread_name":"crmeb-scheduled-task-pool-25","level":"INFO","level_value":20000}
{"@timestamp":"2022-10-11T10:08:43.248+08:00","@version":"1","message":"OrderTaskServiceImpl.orderReceiving | size:0","logger_name":"com.zbkj.service.service.impl.OrderTaskServiceImpl","thread_name":"crmeb-scheduled-task-pool-25","level":"INFO","level_value":20000}
{"@timestamp":"2022-10-11T10:08:43.264+08:00","@version":"1","message":"---IntegralFrozenTask task------produce Data with fixed rate task: Execution Time - Tue Oct 11 10:08:43 CST 2022","logger_name":"com.zbkj.admin.task.integral.IntegralFrozenTask","thread_name":"crmeb-scheduled-task-pool-22","level":"INFO","level_value":20000}
{"@timestamp":"2022-10-11T10:08:43.264+08:00","@version":"1","message":"---CouponOverdueTask task------produce Data with fixed rate task: Execution Time - Tue Oct 11 10:08:43 CST 2022","logger_name":"com.zbkj.admin.task.coupon.CouponOverdueTask","thread_name":"crmeb-scheduled-task-pool-2","level":"INFO","level_value":20000}
{"@timestamp":"2022-10-11T10:08:43.266+08:00","@version":"1","message":"---BrokerageFrozenTask task------produce Data with fixed rate task: Execution Time - Tue Oct 11 10:08:43 CST 2022","logger_name":"com.zbkj.admin.task.order.OrderReceiptTask","thread_name":"crmeb-scheduled-task-pool-2","level":"INFO","level_value":20000}
{"@timestamp":"2022-10-11T10:09:00.012+08:00","@version":"1","message":"---PinkStatusChange------bargain stop status change task: Execution Time - Tue Oct 11 10:09:00 CST 2022","logger_name":"com.zbkj.admin.task.pink.PinkStatusChangeTask","thread_name":"crmeb-scheduled-task-pool-28","level":"INFO","level_value":20000}
{"@timestamp":"2022-10-11T10:09:43.201+08:00","@version":"1","message":"---OrderPaySuccessTask task------produce Data with fixed rate task: Execution Time - Tue Oct 11 10:09:43 CST 2022","logger_name":"com.zbkj.admin.task.order.OrderPaySuccessTask","thread_name":"crmeb-scheduled-task-pool-4","level":"INFO","level_value":20000}
{"@timestamp":"2022-10-11T10:09:43.201+08:00","@version":"1","message":"---AsyncWeChatPublicTempMessage task------produce Data with fixed rate task: Execution Time - 20221011","logger_name":"com.zbkj.admin.task.wechat.AsyncWeChatPublicTempMessage","thread_name":"crmeb-scheduled-task-pool-10","level":"INFO","level_value":20000}
{"@timestamp":"2022-10-11T10:09:43.201+08:00","@version":"1","message":"---OrderRefundTask task------produce Data with fixed rate task: Execution Time - Tue Oct 11 10:09:43 CST 2022","logger_name":"com.zbkj.admin.task.order.OrderRefundTask","thread_name":"crmeb-scheduled-task-pool-27","level":"INFO","level_value":20000}
{"@timestamp":"2022-10-11T10:09:43.201+08:00","@version":"1","message":"---AsyncWeChatProgramTempMessage task------produce Data with fixed rate task: Execution Time - 20221011","logger_name":"com.zbkj.admin.task.wechat.AsyncWeChatProgramTempMessage","thread_name":"crmeb-scheduled-task-pool-7","level":"INFO","level_value":20000}
{"@timestamp":"2022-10-11T10:09:43.201+08:00","@version":"1","message":"TemplateMessageServiceImpl.consumeProgram | size:0","logger_name":"com.zbkj.service.service.impl.TemplateMessageServiceImpl","thread_name":"crmeb-scheduled-task-pool-7","level":"INFO","level_value":20000}
{"@timestamp":"2022-10-11T10:09:43.201+08:00","@version":"1","message":"OrderTaskServiceImpl.refundApply | size:0","logger_name":"com.zbkj.service.service.impl.OrderTaskServiceImpl","thread_name":"crmeb-scheduled-task-pool-27","level":"INFO","level_value":20000}
{"@timestamp":"2022-10-11T10:09:43.201+08:00","@version":"1","message":"TemplateMessageServiceImpl.consumePublic | size:0","logger_name":"com.zbkj.service.service.impl.TemplateMessageServiceImpl","thread_name":"crmeb-scheduled-task-pool-10","level":"INFO","level_value":20000}
{"@timestamp":"2022-10-11T10:09:43.201+08:00","@version":"1","message":"OrderTaskServiceImpl.orderPaySuccessAfter | size:0","logger_name":"com.zbkj.service.service.impl.OrderTaskServiceImpl","thread_name":"crmeb-scheduled-task-pool-4","level":"INFO","level_value":20000}
{"@timestamp":"2022-10-11T10:09:43.217+08:00","@version":"1","message":"---OrderAutoCancelTask task------produce Data with fixed rate task: Execution Time - Tue Oct 11 10:09:43 CST 2022","logger_name":"com.zbkj.admin.task.order.OrderAutoCancelTask","thread_name":"crmeb-scheduled-task-pool-23","level":"INFO","level_value":20000}
{"@timestamp":"2022-10-11T10:09:43.217+08:00","@version":"1","message":"---OrderCancelTask task------produce Data with fixed rate task: Execution Time - Tue Oct 11 10:09:43 CST 2022","logger_name":"com.zbkj.admin.task.order.OrderCancelTask","thread_name":"crmeb-scheduled-task-pool-29","level":"INFO","level_value":20000}
{"@timestamp":"2022-10-11T10:09:43.217+08:00","@version":"1","message":"---OrderCompleteTask task------produce Data with fixed rate task: Execution Time - Tue Oct 11 10:09:43 CST 2022","logger_name":"com.zbkj.admin.task.order.OrderCompleteTask","thread_name":"crmeb-scheduled-task-pool-5","level":"INFO","level_value":20000}
{"@timestamp":"2022-10-11T10:09:43.217+08:00","@version":"1","message":"OrderTaskServiceImpl.complete | size:0","logger_name":"com.zbkj.service.service.impl.OrderTaskServiceImpl","thread_name":"crmeb-scheduled-task-pool-5","level":"INFO","level_value":20000}
{"@timestamp":"2022-10-11T10:09:43.217+08:00","@version":"1","message":"OrderTaskServiceImpl.autoCancel | size:0","logger_name":"com.zbkj.service.service.impl.OrderTaskServiceImpl","thread_name":"crmeb-scheduled-task-pool-23","level":"INFO","level_value":20000}
{"@timestamp":"2022-10-11T10:09:43.217+08:00","@version":"1","message":"OrderTaskServiceImpl.cancelByUser | size:0","logger_name":"com.zbkj.service.service.impl.OrderTaskServiceImpl","thread_name":"crmeb-scheduled-task-pool-29","level":"INFO","level_value":20000}
{"@timestamp":"2022-10-11T10:09:43.217+08:00","@version":"1","message":"---OrderTakeByUser task------produce Data with fixed rate task: Execution Time - Tue Oct 11 10:09:43 CST 2022","logger_name":"com.zbkj.admin.task.product.ProductStockTask","thread_name":"crmeb-scheduled-task-pool-5","level":"INFO","level_value":20000}
{"@timestamp":"2022-10-11T10:09:43.217+08:00","@version":"1","message":"StoreProductServiceImpl.doProductStock | size:0","logger_name":"com.zbkj.service.service.impl.StoreProductServiceImpl","thread_name":"crmeb-scheduled-task-pool-5","level":"INFO","level_value":20000}
{"@timestamp":"2022-10-11T10:09:43.218+08:00","@version":"1","message":"StoreProductServiceImpl.doProductStock | size:0","logger_name":"com.zbkj.service.service.impl.StoreSeckillServiceImpl","thread_name":"crmeb-scheduled-task-pool-5","level":"INFO","level_value":20000}
{"@timestamp":"2022-10-11T10:09:43.218+08:00","@version":"1","message":"StoreBargainServiceImpl.consumeProductStock | size:0","logger_name":"com.zbkj.service.service.impl.StoreBargainServiceImpl","thread_name":"crmeb-scheduled-task-pool-5","level":"INFO","level_value":20000}
{"@timestamp":"2022-10-11T10:09:43.218+08:00","@version":"1","message":"StoreProductServiceImpl.doProductStock | size:0","logger_name":"com.zbkj.service.service.impl.StoreCombinationServiceImpl","thread_name":"crmeb-scheduled-task-pool-5","level":"INFO","level_value":20000}
{"@timestamp":"2022-10-11T10:09:43.263+08:00","@version":"1","message":"---OrderReceiptTask task------produce Data with fixed rate task: Execution Time - Tue Oct 11 10:09:43 CST 2022","logger_name":"com.zbkj.admin.task.order.OrderReceiptTask","thread_name":"crmeb-scheduled-task-pool-14","level":"INFO","level_value":20000}
{"@timestamp":"2022-10-11T10:09:43.263+08:00","@version":"1","message":"OrderTaskServiceImpl.orderReceiving | size:0","logger_name":"com.zbkj.service.service.impl.OrderTaskServiceImpl","thread_name":"crmeb-scheduled-task-pool-14","level":"INFO","level_value":20000}
{"@timestamp":"2022-10-11T10:09:43.278+08:00","@version":"1","message":"---BrokerageFrozenTask task------produce Data with fixed rate task: Execution Time - Tue Oct 11 10:09:43 CST 2022","logger_name":"com.zbkj.admin.task.order.OrderReceiptTask","thread_name":"crmeb-scheduled-task-pool-30","level":"INFO","level_value":20000}
{"@timestamp":"2022-10-11T10:09:43.278+08:00","@version":"1","message":"---IntegralFrozenTask task------produce Data with fixed rate task: Execution Time - Tue Oct 11 10:09:43 CST 2022","logger_name":"com.zbkj.admin.task.integral.IntegralFrozenTask","thread_name":"crmeb-scheduled-task-pool-24","level":"INFO","level_value":20000}
{"@timestamp":"2022-10-11T10:09:43.278+08:00","@version":"1","message":"---CouponOverdueTask task------produce Data with fixed rate task: Execution Time - Tue Oct 11 10:09:43 CST 2022","logger_name":"com.zbkj.admin.task.coupon.CouponOverdueTask","thread_name":"crmeb-scheduled-task-pool-26","level":"INFO","level_value":20000}
{"@timestamp":"2022-10-11T10:10:00.012+08:00","@version":"1","message":"---PinkStatusChange------bargain stop status change task: Execution Time - Tue Oct 11 10:10:00 CST 2022","logger_name":"com.zbkj.admin.task.pink.PinkStatusChangeTask","thread_name":"crmeb-scheduled-task-pool-17","level":"INFO","level_value":20000}
{"@timestamp":"2022-10-11T10:10:43.208+08:00","@version":"1","message":"---AsyncWeChatPublicTempMessage task------produce Data with fixed rate task: Execution Time - 20221011","logger_name":"com.zbkj.admin.task.wechat.AsyncWeChatPublicTempMessage","thread_name":"crmeb-scheduled-task-pool-6","level":"INFO","level_value":20000}
{"@timestamp":"2022-10-11T10:10:43.208+08:00","@version":"1","message":"---OrderPaySuccessTask task------produce Data with fixed rate task: Execution Time - Tue Oct 11 10:10:43 CST 2022","logger_name":"com.zbkj.admin.task.order.OrderPaySuccessTask","thread_name":"crmeb-scheduled-task-pool-8","level":"INFO","level_value":20000}
{"@timestamp":"2022-10-11T10:10:43.208+08:00","@version":"1","message":"---AsyncWeChatProgramTempMessage task------produce Data with fixed rate task: Execution Time - 20221011","logger_name":"com.zbkj.admin.task.wechat.AsyncWeChatProgramTempMessage","thread_name":"crmeb-scheduled-task-pool-21","level":"INFO","level_value":20000}
{"@timestamp":"2022-10-11T10:10:43.208+08:00","@version":"1","message":"---OrderRefundTask task------produce Data with fixed rate task: Execution Time - Tue Oct 11 10:10:43 CST 2022","logger_name":"com.zbkj.admin.task.order.OrderRefundTask","thread_name":"crmeb-scheduled-task-pool-16","level":"INFO","level_value":20000}
{"@timestamp":"2022-10-11T10:10:43.209+08:00","@version":"1","message":"TemplateMessageServiceImpl.consumePublic | size:0","logger_name":"com.zbkj.service.service.impl.TemplateMessageServiceImpl","thread_name":"crmeb-scheduled-task-pool-6","level":"INFO","level_value":20000}
{"@timestamp":"2022-10-11T10:10:43.209+08:00","@version":"1","message":"TemplateMessageServiceImpl.consumeProgram | size:0","logger_name":"com.zbkj.service.service.impl.TemplateMessageServiceImpl","thread_name":"crmeb-scheduled-task-pool-21","level":"INFO","level_value":20000}
{"@timestamp":"2022-10-11T10:10:43.209+08:00","@version":"1","message":"OrderTaskServiceImpl.refundApply | size:0","logger_name":"com.zbkj.service.service.impl.OrderTaskServiceImpl","thread_name":"crmeb-scheduled-task-pool-16","level":"INFO","level_value":20000}
{"@timestamp":"2022-10-11T10:10:43.209+08:00","@version":"1","message":"OrderTaskServiceImpl.orderPaySuccessAfter | size:0","logger_name":"com.zbkj.service.service.impl.OrderTaskServiceImpl","thread_name":"crmeb-scheduled-task-pool-8","level":"INFO","level_value":20000}
{"@timestamp":"2022-10-11T10:10:43.223+08:00","@version":"1","message":"---OrderAutoCancelTask task------produce Data with fixed rate task: Execution Time - Tue Oct 11 10:10:43 CST 2022","logger_name":"com.zbkj.admin.task.order.OrderAutoCancelTask","thread_name":"crmeb-scheduled-task-pool-12","level":"INFO","level_value":20000}
{"@timestamp":"2022-10-11T10:10:43.223+08:00","@version":"1","message":"---OrderCompleteTask task------produce Data with fixed rate task: Execution Time - Tue Oct 11 10:10:43 CST 2022","logger_name":"com.zbkj.admin.task.order.OrderCompleteTask","thread_name":"crmeb-scheduled-task-pool-15","level":"INFO","level_value":20000}
{"@timestamp":"2022-10-11T10:10:43.223+08:00","@version":"1","message":"---OrderCancelTask task------produce Data with fixed rate task: Execution Time - Tue Oct 11 10:10:43 CST 2022","logger_name":"com.zbkj.admin.task.order.OrderCancelTask","thread_name":"crmeb-scheduled-task-pool-13","level":"INFO","level_value":20000}
{"@timestamp":"2022-10-11T10:10:43.223+08:00","@version":"1","message":"---OrderTakeByUser task------produce Data with fixed rate task: Execution Time - Tue Oct 11 10:10:43 CST 2022","logger_name":"com.zbkj.admin.task.product.ProductStockTask","thread_name":"crmeb-scheduled-task-pool-9","level":"INFO","level_value":20000}
{"@timestamp":"2022-10-11T10:10:43.223+08:00","@version":"1","message":"OrderTaskServiceImpl.autoCancel | size:0","logger_name":"com.zbkj.service.service.impl.OrderTaskServiceImpl","thread_name":"crmeb-scheduled-task-pool-12","level":"INFO","level_value":20000}
{"@timestamp":"2022-10-11T10:10:43.223+08:00","@version":"1","message":"OrderTaskServiceImpl.complete | size:0","logger_name":"com.zbkj.service.service.impl.OrderTaskServiceImpl","thread_name":"crmeb-scheduled-task-pool-15","level":"INFO","level_value":20000}
{"@timestamp":"2022-10-11T10:10:43.223+08:00","@version":"1","message":"StoreProductServiceImpl.doProductStock | size:0","logger_name":"com.zbkj.service.service.impl.StoreProductServiceImpl","thread_name":"crmeb-scheduled-task-pool-9","level":"INFO","level_value":20000}
{"@timestamp":"2022-10-11T10:10:43.223+08:00","@version":"1","message":"OrderTaskServiceImpl.cancelByUser | size:0","logger_name":"com.zbkj.service.service.impl.OrderTaskServiceImpl","thread_name":"crmeb-scheduled-task-pool-13","level":"INFO","level_value":20000}
{"@timestamp":"2022-10-11T10:10:43.224+08:00","@version":"1","message":"StoreProductServiceImpl.doProductStock | size:0","logger_name":"com.zbkj.service.service.impl.StoreSeckillServiceImpl","thread_name":"crmeb-scheduled-task-pool-9","level":"INFO","level_value":20000}
{"@timestamp":"2022-10-11T10:10:43.224+08:00","@version":"1","message":"StoreBargainServiceImpl.consumeProductStock | size:0","logger_name":"com.zbkj.service.service.impl.StoreBargainServiceImpl","thread_name":"crmeb-scheduled-task-pool-9","level":"INFO","level_value":20000}
{"@timestamp":"2022-10-11T10:10:43.224+08:00","@version":"1","message":"StoreProductServiceImpl.doProductStock | size:0","logger_name":"com.zbkj.service.service.impl.StoreCombinationServiceImpl","thread_name":"crmeb-scheduled-task-pool-9","level":"INFO","level_value":20000}
{"@timestamp":"2022-10-11T10:10:43.270+08:00","@version":"1","message":"---OrderReceiptTask task------produce Data with fixed rate task: Execution Time - Tue Oct 11 10:10:43 CST 2022","logger_name":"com.zbkj.admin.task.order.OrderReceiptTask","thread_name":"crmeb-scheduled-task-pool-1","level":"INFO","level_value":20000}
{"@timestamp":"2022-10-11T10:10:43.270+08:00","@version":"1","message":"OrderTaskServiceImpl.orderReceiving | size:0","logger_name":"com.zbkj.service.service.impl.OrderTaskServiceImpl","thread_name":"crmeb-scheduled-task-pool-1","level":"INFO","level_value":20000}
{"@timestamp":"2022-10-11T10:10:43.285+08:00","@version":"1","message":"---IntegralFrozenTask task------produce Data with fixed rate task: Execution Time - Tue Oct 11 10:10:43 CST 2022","logger_name":"com.zbkj.admin.task.integral.IntegralFrozenTask","thread_name":"crmeb-scheduled-task-pool-11","level":"INFO","level_value":20000}
{"@timestamp":"2022-10-11T10:10:43.285+08:00","@version":"1","message":"---CouponOverdueTask task------produce Data with fixed rate task: Execution Time - Tue Oct 11 10:10:43 CST 2022","logger_name":"com.zbkj.admin.task.coupon.CouponOverdueTask","thread_name":"crmeb-scheduled-task-pool-20","level":"INFO","level_value":20000}
{"@timestamp":"2022-10-11T10:10:43.285+08:00","@version":"1","message":"---BrokerageFrozenTask task------produce Data with fixed rate task: Execution Time - Tue Oct 11 10:10:43 CST 2022","logger_name":"com.zbkj.admin.task.order.OrderReceiptTask","thread_name":"crmeb-scheduled-task-pool-19","level":"INFO","level_value":20000}
{"@timestamp":"2022-10-11T10:11:00.014+08:00","@version":"1","message":"---PinkStatusChange------bargain stop status change task: Execution Time - Tue Oct 11 10:11:00 CST 2022","logger_name":"com.zbkj.admin.task.pink.PinkStatusChangeTask","thread_name":"crmeb-scheduled-task-pool-18","level":"INFO","level_value":20000}
{"@timestamp":"2022-10-11T10:11:43.215+08:00","@version":"1","message":"---AsyncWeChatProgramTempMessage task------produce Data with fixed rate task: Execution Time - 20221011","logger_name":"com.zbkj.admin.task.wechat.AsyncWeChatProgramTempMessage","thread_name":"crmeb-scheduled-task-pool-25","level":"INFO","level_value":20000}
{"@timestamp":"2022-10-11T10:11:43.215+08:00","@version":"1","message":"---AsyncWeChatPublicTempMessage task------produce Data with fixed rate task: Execution Time - 20221011","logger_name":"com.zbkj.admin.task.wechat.AsyncWeChatPublicTempMessage","thread_name":"crmeb-scheduled-task-pool-3","level":"INFO","level_value":20000}
{"@timestamp":"2022-10-11T10:11:43.215+08:00","@version":"1","message":"---OrderRefundTask task------produce Data with fixed rate task: Execution Time - Tue Oct 11 10:11:43 CST 2022","logger_name":"com.zbkj.admin.task.order.OrderRefundTask","thread_name":"crmeb-scheduled-task-pool-22","level":"INFO","level_value":20000}
{"@timestamp":"2022-10-11T10:11:43.215+08:00","@version":"1","message":"---OrderPaySuccessTask task------produce Data with fixed rate task: Execution Time - Tue Oct 11 10:11:43 CST 2022","logger_name":"com.zbkj.admin.task.order.OrderPaySuccessTask","thread_name":"crmeb-scheduled-task-pool-2","level":"INFO","level_value":20000}
{"@timestamp":"2022-10-11T10:11:43.215+08:00","@version":"1","message":"OrderTaskServiceImpl.orderPaySuccessAfter | size:0","logger_name":"com.zbkj.service.service.impl.OrderTaskServiceImpl","thread_name":"crmeb-scheduled-task-pool-2","level":"INFO","level_value":20000}
{"@timestamp":"2022-10-11T10:11:43.215+08:00","@version":"1","message":"TemplateMessageServiceImpl.consumeProgram | size:0","logger_name":"com.zbkj.service.service.impl.TemplateMessageServiceImpl","thread_name":"crmeb-scheduled-task-pool-25","level":"INFO","level_value":20000}
{"@timestamp":"2022-10-11T10:11:43.215+08:00","@version":"1","message":"TemplateMessageServiceImpl.consumePublic | size:0","logger_name":"com.zbkj.service.service.impl.TemplateMessageServiceImpl","thread_name":"crmeb-scheduled-task-pool-3","level":"INFO","level_value":20000}
{"@timestamp":"2022-10-11T10:11:43.215+08:00","@version":"1","message":"OrderTaskServiceImpl.refundApply | size:0","logger_name":"com.zbkj.service.service.impl.OrderTaskServiceImpl","thread_name":"crmeb-scheduled-task-pool-22","level":"INFO","level_value":20000}
{"@timestamp":"2022-10-11T10:11:43.231+08:00","@version":"1","message":"---OrderAutoCancelTask task------produce Data with fixed rate task: Execution Time - Tue Oct 11 10:11:43 CST 2022","logger_name":"com.zbkj.admin.task.order.OrderAutoCancelTask","thread_name":"crmeb-scheduled-task-pool-28","level":"INFO","level_value":20000}
{"@timestamp":"2022-10-11T10:11:43.231+08:00","@version":"1","message":"---OrderCompleteTask task------produce Data with fixed rate task: Execution Time - Tue Oct 11 10:11:43 CST 2022","logger_name":"com.zbkj.admin.task.order.OrderCompleteTask","thread_name":"crmeb-scheduled-task-pool-7","level":"INFO","level_value":20000}
{"@timestamp":"2022-10-11T10:11:43.231+08:00","@version":"1","message":"OrderTaskServiceImpl.complete | size:0","logger_name":"com.zbkj.service.service.impl.OrderTaskServiceImpl","thread_name":"crmeb-scheduled-task-pool-7","level":"INFO","level_value":20000}
{"@timestamp":"2022-10-11T10:11:43.231+08:00","@version":"1","message":"OrderTaskServiceImpl.autoCancel | size:0","logger_name":"com.zbkj.service.service.impl.OrderTaskServiceImpl","thread_name":"crmeb-scheduled-task-pool-28","level":"INFO","level_value":20000}
{"@timestamp":"2022-10-11T10:11:43.232+08:00","@version":"1","message":"---OrderCancelTask task------produce Data with fixed rate task: Execution Time - Tue Oct 11 10:11:43 CST 2022","logger_name":"com.zbkj.admin.task.order.OrderCancelTask","thread_name":"crmeb-scheduled-task-pool-27","level":"INFO","level_value":20000}
{"@timestamp":"2022-10-11T10:11:43.232+08:00","@version":"1","message":"---OrderTakeByUser task------produce Data with fixed rate task: Execution Time - Tue Oct 11 10:11:43 CST 2022","logger_name":"com.zbkj.admin.task.product.ProductStockTask","thread_name":"crmeb-scheduled-task-pool-10","level":"INFO","level_value":20000}
{"@timestamp":"2022-10-11T10:11:43.233+08:00","@version":"1","message":"StoreProductServiceImpl.doProductStock | size:0","logger_name":"com.zbkj.service.service.impl.StoreProductServiceImpl","thread_name":"crmeb-scheduled-task-pool-10","level":"INFO","level_value":20000}
{"@timestamp":"2022-10-11T10:11:43.233+08:00","@version":"1","message":"OrderTaskServiceImpl.cancelByUser | size:0","logger_name":"com.zbkj.service.service.impl.OrderTaskServiceImpl","thread_name":"crmeb-scheduled-task-pool-27","level":"INFO","level_value":20000}
{"@timestamp":"2022-10-11T10:11:43.233+08:00","@version":"1","message":"StoreProductServiceImpl.doProductStock | size:0","logger_name":"com.zbkj.service.service.impl.StoreSeckillServiceImpl","thread_name":"crmeb-scheduled-task-pool-10","level":"INFO","level_value":20000}
{"@timestamp":"2022-10-11T10:11:43.234+08:00","@version":"1","message":"StoreBargainServiceImpl.consumeProductStock | size:0","logger_name":"com.zbkj.service.service.impl.StoreBargainServiceImpl","thread_name":"crmeb-scheduled-task-pool-10","level":"INFO","level_value":20000}
{"@timestamp":"2022-10-11T10:11:43.234+08:00","@version":"1","message":"StoreProductServiceImpl.doProductStock | size:0","logger_name":"com.zbkj.service.service.impl.StoreCombinationServiceImpl","thread_name":"crmeb-scheduled-task-pool-10","level":"INFO","level_value":20000}
{"@timestamp":"2022-10-11T10:11:43.278+08:00","@version":"1","message":"---OrderReceiptTask task------produce Data with fixed rate task: Execution Time - Tue Oct 11 10:11:43 CST 2022","logger_name":"com.zbkj.admin.task.order.OrderReceiptTask","thread_name":"crmeb-scheduled-task-pool-4","level":"INFO","level_value":20000}
{"@timestamp":"2022-10-11T10:11:43.278+08:00","@version":"1","message":"OrderTaskServiceImpl.orderReceiving | size:0","logger_name":"com.zbkj.service.service.impl.OrderTaskServiceImpl","thread_name":"crmeb-scheduled-task-pool-4","level":"INFO","level_value":20000}
{"@timestamp":"2022-10-11T10:11:43.293+08:00","@version":"1","message":"---CouponOverdueTask task------produce Data with fixed rate task: Execution Time - Tue Oct 11 10:11:43 CST 2022","logger_name":"com.zbkj.admin.task.coupon.CouponOverdueTask","thread_name":"crmeb-scheduled-task-pool-23","level":"INFO","level_value":20000}
{"@timestamp":"2022-10-11T10:11:43.293+08:00","@version":"1","message":"---BrokerageFrozenTask task------produce Data with fixed rate task: Execution Time - Tue Oct 11 10:11:43 CST 2022","logger_name":"com.zbkj.admin.task.order.OrderReceiptTask","thread_name":"crmeb-scheduled-task-pool-5","level":"INFO","level_value":20000}
{"@timestamp":"2022-10-11T10:11:43.293+08:00","@version":"1","message":"---IntegralFrozenTask task------produce Data with fixed rate task: Execution Time - Tue Oct 11 10:11:43 CST 2022","logger_name":"com.zbkj.admin.task.integral.IntegralFrozenTask","thread_name":"crmeb-scheduled-task-pool-29","level":"INFO","level_value":20000}
{"@timestamp":"2022-10-11T10:12:00.002+08:00","@version":"1","message":"---PinkStatusChange------bargain stop status change task: Execution Time - Tue Oct 11 10:12:00 CST 2022","logger_name":"com.zbkj.admin.task.pink.PinkStatusChangeTask","thread_name":"crmeb-scheduled-task-pool-14","level":"INFO","level_value":20000}
{"@timestamp":"2022-10-11T10:12:43.221+08:00","@version":"1","message":"---AsyncWeChatPublicTempMessage task------produce Data with fixed rate task: Execution Time - 20221011","logger_name":"com.zbkj.admin.task.wechat.AsyncWeChatPublicTempMessage","thread_name":"crmeb-scheduled-task-pool-30","level":"INFO","level_value":20000}
{"@timestamp":"2022-10-11T10:12:43.221+08:00","@version":"1","message":"---OrderPaySuccessTask task------produce Data with fixed rate task: Execution Time - Tue Oct 11 10:12:43 CST 2022","logger_name":"com.zbkj.admin.task.order.OrderPaySuccessTask","thread_name":"crmeb-scheduled-task-pool-26","level":"INFO","level_value":20000}
{"@timestamp":"2022-10-11T10:12:43.221+08:00","@version":"1","message":"---OrderRefundTask task------produce Data with fixed rate task: Execution Time - Tue Oct 11 10:12:43 CST 2022","logger_name":"com.zbkj.admin.task.order.OrderRefundTask","thread_name":"crmeb-scheduled-task-pool-17","level":"INFO","level_value":20000}
{"@timestamp":"2022-10-11T10:12:43.221+08:00","@version":"1","message":"---AsyncWeChatProgramTempMessage task------produce Data with fixed rate task: Execution Time - 20221011","logger_name":"com.zbkj.admin.task.wechat.AsyncWeChatProgramTempMessage","thread_name":"crmeb-scheduled-task-pool-24","level":"INFO","level_value":20000}
{"@timestamp":"2022-10-11T10:12:43.223+08:00","@version":"1","message":"TemplateMessageServiceImpl.consumePublic | size:0","logger_name":"com.zbkj.service.service.impl.TemplateMessageServiceImpl","thread_name":"crmeb-scheduled-task-pool-30","level":"INFO","level_value":20000}
{"@timestamp":"2022-10-11T10:12:43.224+08:00","@version":"1","message":"OrderTaskServiceImpl.refundApply | size:0","logger_name":"com.zbkj.service.service.impl.OrderTaskServiceImpl","thread_name":"crmeb-scheduled-task-pool-17","level":"INFO","level_value":20000}
{"@timestamp":"2022-10-11T10:12:43.224+08:00","@version":"1","message":"TemplateMessageServiceImpl.consumeProgram | size:0","logger_name":"com.zbkj.service.service.impl.TemplateMessageServiceImpl","thread_name":"crmeb-scheduled-task-pool-24","level":"INFO","level_value":20000}
{"@timestamp":"2022-10-11T10:12:43.225+08:00","@version":"1","message":"OrderTaskServiceImpl.orderPaySuccessAfter | size:0","logger_name":"com.zbkj.service.service.impl.OrderTaskServiceImpl","thread_name":"crmeb-scheduled-task-pool-26","level":"INFO","level_value":20000}
{"@timestamp":"2022-10-11T10:12:43.237+08:00","@version":"1","message":"---OrderCompleteTask task------produce Data with fixed rate task: Execution Time - Tue Oct 11 10:12:43 CST 2022","logger_name":"com.zbkj.admin.task.order.OrderCompleteTask","thread_name":"crmeb-scheduled-task-pool-6","level":"INFO","level_value":20000}
{"@timestamp":"2022-10-11T10:12:43.237+08:00","@version":"1","message":"---OrderTakeByUser task------produce Data with fixed rate task: Execution Time - Tue Oct 11 10:12:43 CST 2022","logger_name":"com.zbkj.admin.task.product.ProductStockTask","thread_name":"crmeb-scheduled-task-pool-8","level":"INFO","level_value":20000}
{"@timestamp":"2022-10-11T10:12:43.237+08:00","@version":"1","message":"---OrderCancelTask task------produce Data with fixed rate task: Execution Time - Tue Oct 11 10:12:43 CST 2022","logger_name":"com.zbkj.admin.task.order.OrderCancelTask","thread_name":"crmeb-scheduled-task-pool-16","level":"INFO","level_value":20000}
{"@timestamp":"2022-10-11T10:12:43.237+08:00","@version":"1","message":"---OrderAutoCancelTask task------produce Data with fixed rate task: Execution Time - Tue Oct 11 10:12:43 CST 2022","logger_name":"com.zbkj.admin.task.order.OrderAutoCancelTask","thread_name":"crmeb-scheduled-task-pool-21","level":"INFO","level_value":20000}
{"@timestamp":"2022-10-11T10:12:43.238+08:00","@version":"1","message":"OrderTaskServiceImpl.complete | size:0","logger_name":"com.zbkj.service.service.impl.OrderTaskServiceImpl","thread_name":"crmeb-scheduled-task-pool-6","level":"INFO","level_value":20000}
{"@timestamp":"2022-10-11T10:12:43.239+08:00","@version":"1","message":"OrderTaskServiceImpl.cancelByUser | size:0","logger_name":"com.zbkj.service.service.impl.OrderTaskServiceImpl","thread_name":"crmeb-scheduled-task-pool-16","level":"INFO","level_value":20000}
{"@timestamp":"2022-10-11T10:12:43.239+08:00","@version":"1","message":"OrderTaskServiceImpl.autoCancel | size:0","logger_name":"com.zbkj.service.service.impl.OrderTaskServiceImpl","thread_name":"crmeb-scheduled-task-pool-21","level":"INFO","level_value":20000}
{"@timestamp":"2022-10-11T10:12:43.239+08:00","@version":"1","message":"StoreProductServiceImpl.doProductStock | size:0","logger_name":"com.zbkj.service.service.impl.StoreProductServiceImpl","thread_name":"crmeb-scheduled-task-pool-8","level":"INFO","level_value":20000}
{"@timestamp":"2022-10-11T10:12:43.240+08:00","@version":"1","message":"StoreProductServiceImpl.doProductStock | size:0","logger_name":"com.zbkj.service.service.impl.StoreSeckillServiceImpl","thread_name":"crmeb-scheduled-task-pool-8","level":"INFO","level_value":20000}
{"@timestamp":"2022-10-11T10:12:43.242+08:00","@version":"1","message":"StoreBargainServiceImpl.consumeProductStock | size:0","logger_name":"com.zbkj.service.service.impl.StoreBargainServiceImpl","thread_name":"crmeb-scheduled-task-pool-8","level":"INFO","level_value":20000}
{"@timestamp":"2022-10-11T10:12:43.243+08:00","@version":"1","message":"StoreProductServiceImpl.doProductStock | size:0","logger_name":"com.zbkj.service.service.impl.StoreCombinationServiceImpl","thread_name":"crmeb-scheduled-task-pool-8","level":"INFO","level_value":20000}
{"@timestamp":"2022-10-11T10:12:43.283+08:00","@version":"1","message":"---OrderReceiptTask task------produce Data with fixed rate task: Execution Time - Tue Oct 11 10:12:43 CST 2022","logger_name":"com.zbkj.admin.task.order.OrderReceiptTask","thread_name":"crmeb-scheduled-task-pool-12","level":"INFO","level_value":20000}
{"@timestamp":"2022-10-11T10:12:43.284+08:00","@version":"1","message":"OrderTaskServiceImpl.orderReceiving | size:0","logger_name":"com.zbkj.service.service.impl.OrderTaskServiceImpl","thread_name":"crmeb-scheduled-task-pool-12","level":"INFO","level_value":20000}
{"@timestamp":"2022-10-11T10:12:43.298+08:00","@version":"1","message":"---CouponOverdueTask task------produce Data with fixed rate task: Execution Time - Tue Oct 11 10:12:43 CST 2022","logger_name":"com.zbkj.admin.task.coupon.CouponOverdueTask","thread_name":"crmeb-scheduled-task-pool-15","level":"INFO","level_value":20000}
{"@timestamp":"2022-10-11T10:12:43.298+08:00","@version":"1","message":"---IntegralFrozenTask task------produce Data with fixed rate task: Execution Time - Tue Oct 11 10:12:43 CST 2022","logger_name":"com.zbkj.admin.task.integral.IntegralFrozenTask","thread_name":"crmeb-scheduled-task-pool-13","level":"INFO","level_value":20000}
{"@timestamp":"2022-10-11T10:12:43.298+08:00","@version":"1","message":"---BrokerageFrozenTask task------produce Data with fixed rate task: Execution Time - Tue Oct 11 10:12:43 CST 2022","logger_name":"com.zbkj.admin.task.order.OrderReceiptTask","thread_name":"crmeb-scheduled-task-pool-9","level":"INFO","level_value":20000}
{"@timestamp":"2022-10-11T10:13:00.014+08:00","@version":"1","message":"---PinkStatusChange------bargain stop status change task: Execution Time - Tue Oct 11 10:13:00 CST 2022","logger_name":"com.zbkj.admin.task.pink.PinkStatusChangeTask","thread_name":"crmeb-scheduled-task-pool-1","level":"INFO","level_value":20000}
{"@timestamp":"2022-10-11T10:13:43.229+08:00","@version":"1","message":"---OrderRefundTask task------produce Data with fixed rate task: Execution Time - Tue Oct 11 10:13:43 CST 2022","logger_name":"com.zbkj.admin.task.order.OrderRefundTask","thread_name":"crmeb-scheduled-task-pool-11","level":"INFO","level_value":20000}
{"@timestamp":"2022-10-11T10:13:43.229+08:00","@version":"1","message":"---OrderPaySuccessTask task------produce Data with fixed rate task: Execution Time - Tue Oct 11 10:13:43 CST 2022","logger_name":"com.zbkj.admin.task.order.OrderPaySuccessTask","thread_name":"crmeb-scheduled-task-pool-18","level":"INFO","level_value":20000}
{"@timestamp":"2022-10-11T10:13:43.229+08:00","@version":"1","message":"---AsyncWeChatPublicTempMessage task------produce Data with fixed rate task: Execution Time - 20221011","logger_name":"com.zbkj.admin.task.wechat.AsyncWeChatPublicTempMessage","thread_name":"crmeb-scheduled-task-pool-20","level":"INFO","level_value":20000}
{"@timestamp":"2022-10-11T10:13:43.229+08:00","@version":"1","message":"---AsyncWeChatProgramTempMessage task------produce Data with fixed rate task: Execution Time - 20221011","logger_name":"com.zbkj.admin.task.wechat.AsyncWeChatProgramTempMessage","thread_name":"crmeb-scheduled-task-pool-19","level":"INFO","level_value":20000}
{"@timestamp":"2022-10-11T10:13:43.230+08:00","@version":"1","message":"OrderTaskServiceImpl.refundApply | size:0","logger_name":"com.zbkj.service.service.impl.OrderTaskServiceImpl","thread_name":"crmeb-scheduled-task-pool-11","level":"INFO","level_value":20000}
{"@timestamp":"2022-10-11T10:13:43.231+08:00","@version":"1","message":"TemplateMessageServiceImpl.consumePublic | size:0","logger_name":"com.zbkj.service.service.impl.TemplateMessageServiceImpl","thread_name":"crmeb-scheduled-task-pool-20","level":"INFO","level_value":20000}
{"@timestamp":"2022-10-11T10:13:43.231+08:00","@version":"1","message":"TemplateMessageServiceImpl.consumeProgram | size:0","logger_name":"com.zbkj.service.service.impl.TemplateMessageServiceImpl","thread_name":"crmeb-scheduled-task-pool-19","level":"INFO","level_value":20000}
{"@timestamp":"2022-10-11T10:13:43.231+08:00","@version":"1","message":"OrderTaskServiceImpl.orderPaySuccessAfter | size:0","logger_name":"com.zbkj.service.service.impl.OrderTaskServiceImpl","thread_name":"crmeb-scheduled-task-pool-18","level":"INFO","level_value":20000}
{"@timestamp":"2022-10-11T10:13:43.245+08:00","@version":"1","message":"---OrderTakeByUser task------produce Data with fixed rate task: Execution Time - Tue Oct 11 10:13:43 CST 2022","logger_name":"com.zbkj.admin.task.product.ProductStockTask","thread_name":"crmeb-scheduled-task-pool-22","level":"INFO","level_value":20000}
{"@timestamp":"2022-10-11T10:13:43.245+08:00","@version":"1","message":"---OrderCancelTask task------produce Data with fixed rate task: Execution Time - Tue Oct 11 10:13:43 CST 2022","logger_name":"com.zbkj.admin.task.order.OrderCancelTask","thread_name":"crmeb-scheduled-task-pool-25","level":"INFO","level_value":20000}
{"@timestamp":"2022-10-11T10:13:43.245+08:00","@version":"1","message":"---OrderCompleteTask task------produce Data with fixed rate task: Execution Time - Tue Oct 11 10:13:43 CST 2022","logger_name":"com.zbkj.admin.task.order.OrderCompleteTask","thread_name":"crmeb-scheduled-task-pool-2","level":"INFO","level_value":20000}
{"@timestamp":"2022-10-11T10:13:43.245+08:00","@version":"1","message":"---OrderAutoCancelTask task------produce Data with fixed rate task: Execution Time - Tue Oct 11 10:13:43 CST 2022","logger_name":"com.zbkj.admin.task.order.OrderAutoCancelTask","thread_name":"crmeb-scheduled-task-pool-3","level":"INFO","level_value":20000}
{"@timestamp":"2022-10-11T10:13:43.247+08:00","@version":"1","message":"StoreProductServiceImpl.doProductStock | size:0","logger_name":"com.zbkj.service.service.impl.StoreProductServiceImpl","thread_name":"crmeb-scheduled-task-pool-22","level":"INFO","level_value":20000}
{"@timestamp":"2022-10-11T10:13:43.247+08:00","@version":"1","message":"OrderTaskServiceImpl.autoCancel | size:0","logger_name":"com.zbkj.service.service.impl.OrderTaskServiceImpl","thread_name":"crmeb-scheduled-task-pool-3","level":"INFO","level_value":20000}
{"@timestamp":"2022-10-11T10:13:43.248+08:00","@version":"1","message":"OrderTaskServiceImpl.complete | size:0","logger_name":"com.zbkj.service.service.impl.OrderTaskServiceImpl","thread_name":"crmeb-scheduled-task-pool-2","level":"INFO","level_value":20000}
{"@timestamp":"2022-10-11T10:13:43.248+08:00","@version":"1","message":"OrderTaskServiceImpl.cancelByUser | size:0","logger_name":"com.zbkj.service.service.impl.OrderTaskServiceImpl","thread_name":"crmeb-scheduled-task-pool-25","level":"INFO","level_value":20000}
{"@timestamp":"2022-10-11T10:13:43.248+08:00","@version":"1","message":"StoreProductServiceImpl.doProductStock | size:0","logger_name":"com.zbkj.service.service.impl.StoreSeckillServiceImpl","thread_name":"crmeb-scheduled-task-pool-22","level":"INFO","level_value":20000}
{"@timestamp":"2022-10-11T10:13:43.249+08:00","@version":"1","message":"StoreBargainServiceImpl.consumeProductStock | size:0","logger_name":"com.zbkj.service.service.impl.StoreBargainServiceImpl","thread_name":"crmeb-scheduled-task-pool-22","level":"INFO","level_value":20000}
{"@timestamp":"2022-10-11T10:13:43.249+08:00","@version":"1","message":"StoreProductServiceImpl.doProductStock | size:0","logger_name":"com.zbkj.service.service.impl.StoreCombinationServiceImpl","thread_name":"crmeb-scheduled-task-pool-22","level":"INFO","level_value":20000}
{"@timestamp":"2022-10-11T10:13:43.293+08:00","@version":"1","message":"---OrderReceiptTask task------produce Data with fixed rate task: Execution Time - Tue Oct 11 10:13:43 CST 2022","logger_name":"com.zbkj.admin.task.order.OrderReceiptTask","thread_name":"crmeb-scheduled-task-pool-7","level":"INFO","level_value":20000}
{"@timestamp":"2022-10-11T10:13:43.293+08:00","@version":"1","message":"OrderTaskServiceImpl.orderReceiving | size:0","logger_name":"com.zbkj.service.service.impl.OrderTaskServiceImpl","thread_name":"crmeb-scheduled-task-pool-7","level":"INFO","level_value":20000}
{"@timestamp":"2022-10-11T10:13:43.308+08:00","@version":"1","message":"---CouponOverdueTask task------produce Data with fixed rate task: Execution Time - Tue Oct 11 10:13:43 CST 2022","logger_name":"com.zbkj.admin.task.coupon.CouponOverdueTask","thread_name":"crmeb-scheduled-task-pool-28","level":"INFO","level_value":20000}
{"@timestamp":"2022-10-11T10:13:43.308+08:00","@version":"1","message":"---IntegralFrozenTask task------produce Data with fixed rate task: Execution Time - Tue Oct 11 10:13:43 CST 2022","logger_name":"com.zbkj.admin.task.integral.IntegralFrozenTask","thread_name":"crmeb-scheduled-task-pool-10","level":"INFO","level_value":20000}
{"@timestamp":"2022-10-11T10:13:43.308+08:00","@version":"1","message":"---BrokerageFrozenTask task------produce Data with fixed rate task: Execution Time - Tue Oct 11 10:13:43 CST 2022","logger_name":"com.zbkj.admin.task.order.OrderReceiptTask","thread_name":"crmeb-scheduled-task-pool-27","level":"INFO","level_value":20000}
{"@timestamp":"2022-10-11T10:14:00.010+08:00","@version":"1","message":"---PinkStatusChange------bargain stop status change task: Execution Time - Tue Oct 11 10:14:00 CST 2022","logger_name":"com.zbkj.admin.task.pink.PinkStatusChangeTask","thread_name":"crmeb-scheduled-task-pool-4","level":"INFO","level_value":20000}
{"@timestamp":"2022-10-11T10:14:43.235+08:00","@version":"1","message":"---OrderRefundTask task------produce Data with fixed rate task: Execution Time - Tue Oct 11 10:14:43 CST 2022","logger_name":"com.zbkj.admin.task.order.OrderRefundTask","thread_name":"crmeb-scheduled-task-pool-23","level":"INFO","level_value":20000}
{"@timestamp":"2022-10-11T10:14:43.235+08:00","@version":"1","message":"---OrderPaySuccessTask task------produce Data with fixed rate task: Execution Time - Tue Oct 11 10:14:43 CST 2022","logger_name":"com.zbkj.admin.task.order.OrderPaySuccessTask","thread_name":"crmeb-scheduled-task-pool-14","level":"INFO","level_value":20000}
{"@timestamp":"2022-10-11T10:14:43.235+08:00","@version":"1","message":"---AsyncWeChatPublicTempMessage task------produce Data with fixed rate task: Execution Time - 20221011","logger_name":"com.zbkj.admin.task.wechat.AsyncWeChatPublicTempMessage","thread_name":"crmeb-scheduled-task-pool-29","level":"INFO","level_value":20000}
{"@timestamp":"2022-10-11T10:14:43.235+08:00","@version":"1","message":"---AsyncWeChatProgramTempMessage task------produce Data with fixed rate task: Execution Time - 20221011","logger_name":"com.zbkj.admin.task.wechat.AsyncWeChatProgramTempMessage","thread_name":"crmeb-scheduled-task-pool-5","level":"INFO","level_value":20000}
{"@timestamp":"2022-10-11T10:14:43.236+08:00","@version":"1","message":"OrderTaskServiceImpl.refundApply | size:0","logger_name":"com.zbkj.service.service.impl.OrderTaskServiceImpl","thread_name":"crmeb-scheduled-task-pool-23","level":"INFO","level_value":20000}
{"@timestamp":"2022-10-11T10:14:43.236+08:00","@version":"1","message":"OrderTaskServiceImpl.orderPaySuccessAfter | size:0","logger_name":"com.zbkj.service.service.impl.OrderTaskServiceImpl","thread_name":"crmeb-scheduled-task-pool-14","level":"INFO","level_value":20000}
{"@timestamp":"2022-10-11T10:14:43.236+08:00","@version":"1","message":"TemplateMessageServiceImpl.consumePublic | size:0","logger_name":"com.zbkj.service.service.impl.TemplateMessageServiceImpl","thread_name":"crmeb-scheduled-task-pool-29","level":"INFO","level_value":20000}
{"@timestamp":"2022-10-11T10:14:43.236+08:00","@version":"1","message":"TemplateMessageServiceImpl.consumeProgram | size:0","logger_name":"com.zbkj.service.service.impl.TemplateMessageServiceImpl","thread_name":"crmeb-scheduled-task-pool-5","level":"INFO","level_value":20000}
{"@timestamp":"2022-10-11T10:14:43.251+08:00","@version":"1","message":"---OrderTakeByUser task------produce Data with fixed rate task: Execution Time - Tue Oct 11 10:14:43 CST 2022","logger_name":"com.zbkj.admin.task.product.ProductStockTask","thread_name":"crmeb-scheduled-task-pool-26","level":"INFO","level_value":20000}
{"@timestamp":"2022-10-11T10:14:43.251+08:00","@version":"1","message":"---OrderCancelTask task------produce Data with fixed rate task: Execution Time - Tue Oct 11 10:14:43 CST 2022","logger_name":"com.zbkj.admin.task.order.OrderCancelTask","thread_name":"crmeb-scheduled-task-pool-24","level":"INFO","level_value":20000}
{"@timestamp":"2022-10-11T10:14:43.251+08:00","@version":"1","message":"---OrderAutoCancelTask task------produce Data with fixed rate task: Execution Time - Tue Oct 11 10:14:43 CST 2022","logger_name":"com.zbkj.admin.task.order.OrderAutoCancelTask","thread_name":"crmeb-scheduled-task-pool-30","level":"INFO","level_value":20000}
{"@timestamp":"2022-10-11T10:14:43.251+08:00","@version":"1","message":"---OrderCompleteTask task------produce Data with fixed rate task: Execution Time - Tue Oct 11 10:14:43 CST 2022","logger_name":"com.zbkj.admin.task.order.OrderCompleteTask","thread_name":"crmeb-scheduled-task-pool-17","level":"INFO","level_value":20000}
{"@timestamp":"2022-10-11T10:14:43.252+08:00","@version":"1","message":"OrderTaskServiceImpl.cancelByUser | size:0","logger_name":"com.zbkj.service.service.impl.OrderTaskServiceImpl","thread_name":"crmeb-scheduled-task-pool-24","level":"INFO","level_value":20000}
{"@timestamp":"2022-10-11T10:14:43.252+08:00","@version":"1","message":"StoreProductServiceImpl.doProductStock | size:0","logger_name":"com.zbkj.service.service.impl.StoreProductServiceImpl","thread_name":"crmeb-scheduled-task-pool-26","level":"INFO","level_value":20000}
{"@timestamp":"2022-10-11T10:14:43.252+08:00","@version":"1","message":"OrderTaskServiceImpl.autoCancel | size:0","logger_name":"com.zbkj.service.service.impl.OrderTaskServiceImpl","thread_name":"crmeb-scheduled-task-pool-30","level":"INFO","level_value":20000}
{"@timestamp":"2022-10-11T10:14:43.252+08:00","@version":"1","message":"OrderTaskServiceImpl.complete | size:0","logger_name":"com.zbkj.service.service.impl.OrderTaskServiceImpl","thread_name":"crmeb-scheduled-task-pool-17","level":"INFO","level_value":20000}
{"@timestamp":"2022-10-11T10:14:43.252+08:00","@version":"1","message":"StoreProductServiceImpl.doProductStock | size:0","logger_name":"com.zbkj.service.service.impl.StoreSeckillServiceImpl","thread_name":"crmeb-scheduled-task-pool-26","level":"INFO","level_value":20000}
{"@timestamp":"2022-10-11T10:14:43.252+08:00","@version":"1","message":"StoreBargainServiceImpl.consumeProductStock | size:0","logger_name":"com.zbkj.service.service.impl.StoreBargainServiceImpl","thread_name":"crmeb-scheduled-task-pool-26","level":"INFO","level_value":20000}
{"@timestamp":"2022-10-11T10:14:43.253+08:00","@version":"1","message":"StoreProductServiceImpl.doProductStock | size:0","logger_name":"com.zbkj.service.service.impl.StoreCombinationServiceImpl","thread_name":"crmeb-scheduled-task-pool-26","level":"INFO","level_value":20000}
{"@timestamp":"2022-10-11T10:14:43.298+08:00","@version":"1","message":"---OrderReceiptTask task------produce Data with fixed rate task: Execution Time - Tue Oct 11 10:14:43 CST 2022","logger_name":"com.zbkj.admin.task.order.OrderReceiptTask","thread_name":"crmeb-scheduled-task-pool-6","level":"INFO","level_value":20000}
{"@timestamp":"2022-10-11T10:14:43.299+08:00","@version":"1","message":"OrderTaskServiceImpl.orderReceiving | size:0","logger_name":"com.zbkj.service.service.impl.OrderTaskServiceImpl","thread_name":"crmeb-scheduled-task-pool-6","level":"INFO","level_value":20000}
{"@timestamp":"2022-10-11T10:14:43.328+08:00","@version":"1","message":"---IntegralFrozenTask task------produce Data with fixed rate task: Execution Time - Tue Oct 11 10:14:43 CST 2022","logger_name":"com.zbkj.admin.task.integral.IntegralFrozenTask","thread_name":"crmeb-scheduled-task-pool-21","level":"INFO","level_value":20000}
{"@timestamp":"2022-10-11T10:14:43.328+08:00","@version":"1","message":"---CouponOverdueTask task------produce Data with fixed rate task: Execution Time - Tue Oct 11 10:14:43 CST 2022","logger_name":"com.zbkj.admin.task.coupon.CouponOverdueTask","thread_name":"crmeb-scheduled-task-pool-16","level":"INFO","level_value":20000}
{"@timestamp":"2022-10-11T10:14:43.328+08:00","@version":"1","message":"---BrokerageFrozenTask task------produce Data with fixed rate task: Execution Time - Tue Oct 11 10:14:43 CST 2022","logger_name":"com.zbkj.admin.task.order.OrderReceiptTask","thread_name":"crmeb-scheduled-task-pool-8","level":"INFO","level_value":20000}
